2014/10/09 17:53:23 INFO  - jmeter.util.JMeterUtils: Setting Locale to zh_CN 
2014/10/09 17:53:23 INFO  - jmeter.JMeter: Loading user properties from: /Users/linyu/tool/jmeter/apache-jmeter-2.11/bin/user.properties 
2014/10/09 17:53:23 INFO  - jmeter.JMeter: Loading system properties from: /Users/linyu/tool/jmeter/apache-jmeter-2.11/bin/system.properties 
2014/10/09 17:53:23 INFO  - jmeter.JMeter: Copyright (c) 1998-2014 The Apache Software Foundation 
2014/10/09 17:53:23 INFO  - jmeter.JMeter: Version 2.11 r1554548 
2014/10/09 17:53:23 INFO  - jmeter.JMeter: java.version=1.7.0_67 
2014/10/09 17:53:23 INFO  - jmeter.JMeter: java.vm.name=Java HotSpot(TM) 64-Bit Server VM 
2014/10/09 17:53:23 INFO  - jmeter.JMeter: os.name=Mac OS X 
2014/10/09 17:53:23 INFO  - jmeter.JMeter: os.arch=x86_64 
2014/10/09 17:53:23 INFO  - jmeter.JMeter: os.version=10.9.2 
2014/10/09 17:53:23 INFO  - jmeter.JMeter: file.encoding=UTF-8 
2014/10/09 17:53:23 INFO  - jmeter.JMeter: Default Locale=中文 (中国) 
2014/10/09 17:53:23 INFO  - jmeter.JMeter: JMeter  Locale=中文 (中国) 
2014/10/09 17:53:23 INFO  - jmeter.JMeter: JMeterHome=/Users/linyu/tool/jmeter/apache-jmeter-2.11 
2014/10/09 17:53:23 INFO  - jmeter.JMeter: user.dir  =/Users/linyu/tool/jmeter/apache-jmeter-2.11/ctrl 
2014/10/09 17:53:23 INFO  - jmeter.JMeter: PWD       =/Users/linyu/tool/jmeter/apache-jmeter-2.11/ctrl 
2014/10/09 17:53:24 INFO  - jmeter.JMeter: IP: 10.0.22.161 Name: linyudeMacBook-Pro.local FullName: 10.0.22.161 
2014/10/09 17:53:24 INFO  - jmeter.JMeter: Loaded icon properties from org/apache/jmeter/images/icon.properties 
2014/10/09 17:53:30 INFO  - jmeter.engine.util.CompoundVariable: Note: Function class names must contain the string: '.functions.' 
2014/10/09 17:53:30 INFO  - jmeter.engine.util.CompoundVariable: Note: Function class names must not contain the string: '.gui.' 
2014/10/09 17:53:31 INFO  - jmeter.gui.action.LookAndFeelCommand: Using look and feel: com.apple.laf.AquaLookAndFeel [Mac OS X, System] 
2014/10/09 17:53:32 INFO  - jmeter.JMeter: Loading file: jmeter1.jmx 
2014/10/09 17:53:32 INFO  - jmeter.services.FileServer: Default base='/Users/linyu/tool/jmeter/apache-jmeter-2.11/ctrl' 
2014/10/09 17:53:32 INFO  - jmeter.services.FileServer: Set new base='/Users/linyu/tool/jmeter/apache-jmeter-2.11/ctrl' 
2014/10/09 17:53:32 INFO  - jmeter.util.BSFTestElement: Registering JMeter version of JavaScript engine as work-round for BSF-22 
2014/10/09 17:53:33 INFO  - jmeter.save.SaveService: Testplan (JMX) version: 2.2. Testlog (JTL) version: 2.2 
2014/10/09 17:53:33 INFO  - jmeter.save.SaveService: Using SaveService properties file encoding UTF-8 
2014/10/09 17:53:33 INFO  - jmeter.save.SaveService: Using SaveService properties version 2.6 
2014/10/09 17:53:33 INFO  - jmeter.save.SaveService: Using SaveService properties file version 1554411 
2014/10/09 17:53:33 INFO  - jmeter.save.SaveService: All converter versions present and correct 
2014/10/09 17:53:33 INFO  - jmeter.protocol.http.sampler.HTTPSamplerBase: Cannot find .className property for htmlParser, using default 
2014/10/09 17:53:33 INFO  - jmeter.protocol.http.sampler.HTTPSamplerBase: Parser for text/html is  
2014/10/09 17:53:33 INFO  - jmeter.protocol.http.sampler.HTTPSamplerBase: Parser for application/xhtml+xml is  
2014/10/09 17:53:33 INFO  - jmeter.protocol.http.sampler.HTTPSamplerBase: Parser for application/xml is  
2014/10/09 17:53:33 INFO  - jmeter.protocol.http.sampler.HTTPSamplerBase: Parser for text/xml is  
2014/10/09 17:53:33 INFO  - jmeter.protocol.http.sampler.HTTPSamplerBase: Parser for text/vnd.wap.wml is org.apache.jmeter.protocol.http.parser.RegexpHTMLParser 
2014/10/09 17:53:33 INFO  - jmeter.services.FileServer: Set new base='/Users/linyu/tool/jmeter/apache-jmeter-2.11/ctrl' 
2014/10/09 17:53:34 INFO  - jmeter.gui.util.MenuFactory: Skipping org.apache.jmeter.protocol.http.control.gui.WebServiceSamplerGui 
2014/10/09 17:53:34 INFO  - jmeter.gui.util.MenuFactory: Skipping org.apache.jmeter.protocol.http.modifier.gui.ParamModifierGui 
2014/10/09 17:53:35 INFO  - jorphan.exec.KeyToolUtils: keytool found at 'keytool' 
2014/10/09 17:53:35 INFO  - jmeter.protocol.http.proxy.ProxyControl: HTTP(S) Test Script Recorder SSL Proxy will use keys that support embedded 3rd party resources in file /Users/linyu/tool/jmeter/apache-jmeter-2.11/bin/proxyserver.jks 
2014/10/09 17:53:36 INFO  - jmeter.samplers.SampleResult: Note: Sample TimeStamps are START times 
2014/10/09 17:53:36 INFO  - jmeter.samplers.SampleResult: sampleresult.default.encoding is set to ISO-8859-1 
2014/10/09 17:53:36 INFO  - jmeter.samplers.SampleResult: sampleresult.useNanoTime=true 
2014/10/09 17:53:36 INFO  - jmeter.samplers.SampleResult: sampleresult.nanoThreadSleep=5000 
2014/10/09 17:56:35 INFO  - jmeter.engine.StandardJMeterEngine: Listeners will be started after enabling running version 
2014/10/09 17:56:35 INFO  - jmeter.engine.StandardJMeterEngine: To revert to the earlier behaviour, define jmeterengine.startlistenerslater=false 
2014/10/09 17:56:35 INFO  - jmeter.engine.StandardJMeterEngine: Running the test! 
2014/10/09 17:56:36 INFO  - jmeter.samplers.SampleEvent: List of sample_variables: [] 
2014/10/09 17:56:36 INFO  - jmeter.samplers.SampleEvent: List of sample_variables: [] 
2014/10/09 17:56:36 INFO  - jmeter.functions.StringFromFile: setParameters(/Users/linyu/tool/jmeter/apache-jmeter-2.11/data/query,,,) 
2014/10/09 17:56:36 INFO  - jmeter.functions.StringFromFile: setParameters(/Users/linyu/tool/jmeter/apache-jmeter-2.11/data/query,,,) 
2014/10/09 17:56:36 INFO  - jmeter.gui.util.JMeterMenuBar: setRunning(true,*local*) 
2014/10/09 17:56:36 INFO  - jmeter.engine.StandardJMeterEngine: Starting ThreadGroup: 1 : JMeter Users 
2014/10/09 17:56:36 INFO  - jmeter.engine.StandardJMeterEngine: Starting 3 threads for group JMeter Users. 
2014/10/09 17:56:36 INFO  - jmeter.engine.StandardJMeterEngine: Thread will continue on error 
2014/10/09 17:56:36 INFO  - jmeter.threads.ThreadGroup: Starting thread group number 1 threads 3 ramp-up 0 perThread 0.0 delayedStart=false 
2014/10/09 17:56:36 INFO  - jmeter.threads.JMeterThread: jmeterthread.startearlier=true (see jmeter.properties) 
2014/10/09 17:56:36 INFO  - jmeter.threads.JMeterThread: Running PostProcessors in forward order 
2014/10/09 17:56:36 INFO  - jmeter.threads.ThreadGroup: Started thread group number 1 
2014/10/09 17:56:36 INFO  - jmeter.engine.StandardJMeterEngine: All thread groups have been started 
2014/10/09 17:56:36 INFO  - jmeter.threads.JMeterThread: Thread started: JMeter Users 1-2 
2014/10/09 17:56:36 INFO  - jmeter.threads.JMeterThread: Thread started: JMeter Users 1-3 
2014/10/09 17:56:36 INFO  - jmeter.threads.JMeterThread: Thread started: JMeter Users 1-1 
2014/10/09 17:56:36 WARN  - jmeter.functions.StringFromFile: Exception parsing  as int, value will not be considered as Start Number sequence 
2014/10/09 17:56:36 WARN  - jmeter.functions.StringFromFile: Exception parsing  as int, value will not be considered as End Number sequence 
2014/10/09 17:56:36 INFO  - jmeter.functions.StringFromFile: JMeter Users 1-3 Start = -2 Current = 1 End = -2 
2014/10/09 17:56:36 INFO  - jmeter.functions.StringFromFile: JMeter Users 1-3 opening file /Users/linyu/tool/jmeter/apache-jmeter-2.11/data/query 
2014/10/09 17:56:36 ERROR - jmeter.functions.StringFromFile: openFile() error: java.io.FileNotFoundException: /Users/linyu/tool/jmeter/apache-jmeter-2.11/data/query (No such file or directory) 
2014/10/09 17:56:36 INFO  - jmeter.protocol.http.sampler.HTTPHCAbstractImpl: Local host = linyudeMacBook-Pro.local 
2014/10/09 17:56:36 INFO  - jmeter.protocol.http.sampler.HTTPHC4Impl: HTTP request retry count = 0 
2014/10/09 17:56:36 INFO  - jmeter.protocol.http.sampler.HTTPHC4Impl: Setting up HTTPS TrustAll scheme 
2014/10/09 17:56:36 INFO  - jmeter.util.JsseSSLManager: Using default SSL protocol: TLS 
2014/10/09 17:56:36 INFO  - jmeter.util.JsseSSLManager: SSL session context: per-thread 
2014/10/09 17:56:37 WARN  - jmeter.functions.StringFromFile: Exception parsing  as int, value will not be considered as Start Number sequence 
2014/10/09 17:56:37 WARN  - jmeter.functions.StringFromFile: Exception parsing  as int, value will not be considered as End Number sequence 
2014/10/09 17:56:37 INFO  - jmeter.functions.StringFromFile: JMeter Users 1-1 Start = -2 Current = 1 End = -2 
2014/10/09 17:56:37 INFO  - jmeter.functions.StringFromFile: JMeter Users 1-1 opening file /Users/linyu/tool/jmeter/apache-jmeter-2.11/data/query 
2014/10/09 17:56:37 ERROR - jmeter.functions.StringFromFile: openFile() error: java.io.FileNotFoundException: /Users/linyu/tool/jmeter/apache-jmeter-2.11/data/query (No such file or directory) 
2014/10/09 17:57:37 INFO  - jmeter.gui.action.Start: Shutting test down 
2014/10/09 17:57:37 INFO  - jmeter.threads.JMeterThread: Stopping: JMeter Users 1-3 
2014/10/09 17:57:37 INFO  - jmeter.threads.JMeterThread: Stopping: JMeter Users 1-2 
2014/10/09 17:57:37 INFO  - jmeter.threads.JMeterThread: Stopping: JMeter Users 1-1 
2014/10/09 17:57:37 INFO  - jmeter.threads.JMeterThread: Thread finished: JMeter Users 1-2 
2014/10/09 17:57:37 INFO  - jmeter.threads.JMeterThread: Thread finished: JMeter Users 1-3 
2014/10/09 17:57:37 INFO  - jmeter.threads.JMeterThread: Thread finished: JMeter Users 1-1 
2014/10/09 17:57:37 INFO  - jmeter.engine.StandardJMeterEngine: Notifying test listeners of end of test 
2014/10/09 17:57:37 INFO  - jmeter.gui.util.JMeterMenuBar: setRunning(false,*local*) 
2014/10/09 17:57:52 INFO  - jmeter.engine.StandardJMeterEngine: Running the test! 
2014/10/09 17:57:52 INFO  - jmeter.samplers.SampleEvent: List of sample_variables: [] 
2014/10/09 17:57:52 INFO  - jmeter.functions.StringFromFile: setParameters(/Users/linyu/data/query,,,) 
2014/10/09 17:57:52 INFO  - jmeter.functions.StringFromFile: setParameters(/Users/linyu/data/query,,,) 
2014/10/09 17:57:52 INFO  - jmeter.gui.util.JMeterMenuBar: setRunning(true,*local*) 
2014/10/09 17:57:52 INFO  - jmeter.engine.StandardJMeterEngine: Starting ThreadGroup: 1 : JMeter Users 
2014/10/09 17:57:52 INFO  - jmeter.engine.StandardJMeterEngine: Starting 3 threads for group JMeter Users. 
2014/10/09 17:57:52 INFO  - jmeter.engine.StandardJMeterEngine: Thread will continue on error 
2014/10/09 17:57:52 INFO  - jmeter.threads.ThreadGroup: Starting thread group number 1 threads 3 ramp-up 0 perThread 0.0 delayedStart=false 
2014/10/09 17:57:52 INFO  - jmeter.threads.JMeterThread: Thread started: JMeter Users 1-1 
2014/10/09 17:57:52 WARN  - jmeter.functions.StringFromFile: Exception parsing  as int, value will not be considered as Start Number sequence 
2014/10/09 17:57:52 WARN  - jmeter.functions.StringFromFile: Exception parsing  as int, value will not be considered as End Number sequence 
2014/10/09 17:57:52 INFO  - jmeter.functions.StringFromFile: JMeter Users 1-1 Start = -2 Current = 1 End = -2 
2014/10/09 17:57:52 INFO  - jmeter.functions.StringFromFile: JMeter Users 1-1 opening file /Users/linyu/data/query 
2014/10/09 17:57:52 INFO  - jmeter.threads.JMeterThread: Thread started: JMeter Users 1-2 
2014/10/09 17:57:52 INFO  - jmeter.threads.ThreadGroup: Started thread group number 1 
2014/10/09 17:57:52 INFO  - jmeter.engine.StandardJMeterEngine: All thread groups have been started 
2014/10/09 17:57:52 INFO  - jmeter.threads.JMeterThread: Thread started: JMeter Users 1-3 
2014/10/09 17:57:52 WARN  - jmeter.functions.StringFromFile: Exception parsing  as int, value will not be considered as Start Number sequence 
2014/10/09 17:57:52 WARN  - jmeter.functions.StringFromFile: Exception parsing  as int, value will not be considered as End Number sequence 
2014/10/09 17:57:52 INFO  - jmeter.functions.StringFromFile: JMeter Users 1-2 Start = -2 Current = 1 End = -2 
2014/10/09 17:57:52 INFO  - jmeter.functions.StringFromFile: JMeter Users 1-2 opening file /Users/linyu/data/query 
2014/10/09 17:58:49 INFO  - jmeter.gui.action.Start: Shutting test down 
2014/10/09 17:58:49 INFO  - jmeter.threads.JMeterThread: Stopping: JMeter Users 1-1 
2014/10/09 17:58:49 INFO  - jmeter.threads.JMeterThread: Stopping: JMeter Users 1-2 
2014/10/09 17:58:49 INFO  - jmeter.threads.JMeterThread: Stopping: JMeter Users 1-3 
2014/10/09 17:58:49 INFO  - jmeter.threads.JMeterThread: Thread finished: JMeter Users 1-2 
2014/10/09 17:58:49 INFO  - jmeter.threads.JMeterThread: Thread finished: JMeter Users 1-1 
2014/10/09 17:58:49 INFO  - jmeter.threads.JMeterThread: Thread finished: JMeter Users 1-3 
2014/10/09 17:58:49 INFO  - jmeter.engine.StandardJMeterEngine: Notifying test listeners of end of test 
2014/10/09 17:58:49 INFO  - jmeter.gui.util.JMeterMenuBar: setRunning(false,*local*) 
2014/10/09 17:58:49 INFO  - jmeter.functions.StringFromFile: StandardJMeterEngine closing file /Users/linyu/data/query 
2014/10/09 17:58:49 INFO  - jmeter.functions.StringFromFile: StandardJMeterEngine closing file /Users/linyu/data/query 
